2025-09-23 12:43:17,280 - INFO - Starting automated monitoring and GitHub updates
2025-09-23 12:43:17,280 - INFO - Updating status and pushing to GitHub...
2025-09-23 12:43:17,281 - INFO - Status file updated successfully
2025-09-23 12:43:17,281 - INFO - Status file updated
2025-09-23 12:43:18,147 - INFO - Successfully pushed to GitHub
2025-09-23 12:43:18,147 - INFO - Successfully pushed to GitHub
2025-09-23 12:43:18,147 - INFO - Waiting 30 minutes until next update...
2025-09-23 13:13:18,163 - INFO - Updating status and pushing to GitHub...
2025-09-23 13:13:18,170 - INFO - Status file updated successfully
2025-09-23 13:13:18,170 - INFO - Status file updated
2025-09-23 13:13:19,166 - INFO - Successfully pushed to GitHub
2025-09-23 13:13:19,166 - INFO - Successfully pushed to GitHub
2025-09-23 13:13:19,167 - INFO - Waiting 30 minutes until next update...
2025-09-23 13:15:40,411 - INFO - Starting automated monitoring and GitHub updates
2025-09-23 13:15:40,411 - INFO - Updating status and pushing to GitHub...
2025-09-23 13:15:40,412 - INFO - Status file updated successfully
2025-09-23 13:15:40,412 - INFO - Status file updated
2025-09-23 13:15:41,255 - INFO - Successfully pushed to GitHub
2025-09-23 13:15:41,255 - INFO - Successfully pushed to GitHub
2025-09-23 13:15:41,255 - INFO - Waiting 30 minutes until next update...
